<testsuite name="github.GitHub api validation" tests="1" errors="0" failures="0" skipped="0" time="0.087198" timestamp="2023-04-21T09:15:30.560281" hostname="1d190a2277eb"><testcase classname="github.GitHub api validation" name="Session management check" status="passed" time="0.087198"><system-out>
<![CDATA[
@scenario.begin
  Scenario: Session management check
    Given I have GitHub credentials ... passed in 0.000s
    When I hit getRepo api of github ... passed in 0.087s
    Then Status code of response should be 200 ... passed in 0.000s

@scenario.end
--------------------------------------------------------------------------------

Captured stdout:
200

]]>
</system-out><system-err>
<![CDATA[
Captured stderr:
/usr/local/lib/python3.10/dist-packages/urllib3/connectionpool.py:1045: InsecureRequestWarning: Unverified HTTPS request is being made to host 'api.github.com'. Adding certificate verification is strongly advised. See: https://urllib3.readthedocs.io/en/1.26.x/advanced-usage.html#ssl-warnings
  warnings.warn(

]]>
</system-err></testcase></testsuite>